  [1m[36m (2.7ms)[0m  [1mCREATE TABLE "schema_migrations" ("version" varchar NOT NULL) [0m
  [1m[35m (24.1ms)[0m  select sqlite_version(*)
  [1m[36m (1.4ms)[0m  [1mCREATE UNIQUE INDEX "unique_schema_migrations" ON "schema_migrations" ("version")[0m
  [1m[35mActiveRecord::SchemaMigration Load (0.1ms)[0m  SELECT "schema_migrations".* FROM "schema_migrations"
Migrating to CreateTasks (20151029135522)
  [1m[36m (0.1ms)[0m  [1mbegin transaction[0m
  [1m[35m (21.7ms)[0m  CREATE TABLE "tasks" ("id" INTEGER PRIMARY KEY AUTOINCREMENT NOT NULL, "title" varchar, "description" text, "priority" integer, "due_date" date, "is_completed" boolean, "created_at" datetime NOT NULL, "updated_at" datetime NOT NULL) 
  [1m[36mSQL (0.3ms)[0m  [1mINSERT INTO "schema_migrations" ("version") VALUES (?)[0m  [["version", "20151029135522"]]
  [1m[35m (1.6ms)[0m  commit transaction
Migrating to CreateTaskLists (20151029135552)
  [1m[36m (0.1ms)[0m  [1mbegin transaction[0m
  [1m[35m (0.6ms)[0m  CREATE TABLE "task_lists" ("id" INTEGER PRIMARY KEY AUTOINCREMENT NOT NULL, "title" varchar, "description" text, "created_at" datetime NOT NULL, "updated_at" datetime NOT NULL) 
  [1m[36mSQL (0.2ms)[0m  [1mINSERT INTO "schema_migrations" ("version") VALUES (?)[0m  [["version", "20151029135552"]]
  [1m[35m (1.6ms)[0m  commit transaction
  [1m[36mActiveRecord::SchemaMigration Load (0.1ms)[0m  [1mSELECT "schema_migrations".* FROM "schema_migrations"[0m


Started GET "/" for ::1 at 2015-10-29 12:14:15 -0400
  [1m[36mActiveRecord::SchemaMigration Load (22.1ms)[0m  [1mSELECT "schema_migrations".* FROM "schema_migrations"[0m
Processing by Rails::WelcomeController#index as HTML
  Rendered /Users/nvahren/.rvm/gems/ruby-2.2.1/gems/railties-4.2.4/lib/rails/templates/rails/welcome/index.html.erb (2.3ms)
Completed 200 OK in 195ms (Views: 116.7ms | ActiveRecord: 0.0ms)


Started GET "/" for ::1 at 2015-10-29 12:17:47 -0400
Processing by Rails::WelcomeController#index as HTML
  Rendered /Users/nvahren/.rvm/gems/ruby-2.2.1/gems/railties-4.2.4/lib/rails/templates/rails/welcome/index.html.erb (0.1ms)
Completed 200 OK in 3ms (Views: 3.1ms | ActiveRecord: 0.0ms)


Started GET "/rails/info/properties" for ::1 at 2015-10-29 12:17:51 -0400
Processing by Rails::InfoController#properties as */*
  [1m[35mActiveRecord::SchemaMigration Load (0.1ms)[0m  SELECT "schema_migrations".* FROM "schema_migrations"
  Rendered /Users/nvahren/.rvm/gems/ruby-2.2.1/gems/railties-4.2.4/lib/rails/templates/rails/info/properties.html.erb (0.6ms)
Completed 200 OK in 59ms (Views: 53.9ms | ActiveRecord: 0.4ms)
